make: Entering directory '/tmp/gmac_patch_build_20260618_143722/src'
make[1]: 进入目录“/tmp/gmac_patch_build_20260618_143722/out_full”
  GEN     Makefile
  CALL    /tmp/gmac_patch_build_20260618_143722/src/scripts/checksyscalls.sh
  CC      drivers/net/ethernet/freescale/xgmac_mdio.o
  CC      drivers/hwmon/hwmon.o
  CC      drivers/thermal/broadcom/ns-thermal.o
  CC      drivers/watchdog/watchdog_core.o
  AR      drivers/net/ethernet/freescale/built-in.a
  AR      drivers/net/ethernet/huawei/built-in.a
  AR      drivers/net/ethernet/intel/libie/built-in.a
  CC      drivers/net/ethernet/intel/e1000/e1000_main.o
  CC      drivers/thermal/broadcom/sr-thermal.o
  CC      drivers/hwmon/scmi-hwmon.o
  CC      drivers/watchdog/watchdog_dev.o
  CC      drivers/hwmon/scpi-hwmon.o
  AR      drivers/thermal/broadcom/built-in.a
  CC      drivers/thermal/renesas/rcar_gen3_thermal.o
  CC      drivers/watchdog/sp805_wdt.o
  CC      drivers/hwmon/cros_ec_hwmon.o
  CC      drivers/thermal/renesas/rcar_thermal.o
  AR      drivers/hwmon/built-in.a
  AR      drivers/net/ethernet/i825xx/built-in.a
  CC      drivers/md/dm-builtin.o
  CC      drivers/watchdog/sbsa_gwdt.o
  CC      drivers/thermal/renesas/rzg2l_thermal.o
  AR      drivers/md/built-in.a
  CC      drivers/thermal/samsung/exynos_tmu.o
  CC      drivers/watchdog/s3c2410_wdt.o
  CC      drivers/net/ethernet/intel/e1000/e1000_hw.o
  AR      drivers/thermal/renesas/built-in.a
  CC      drivers/net/ethernet/intel/e1000/e1000_ethtool.o
  CC      drivers/watchdog/dw_wdt.o
  AR      drivers/thermal/samsung/built-in.a
  AR      drivers/thermal/intel/built-in.a
  AR      drivers/thermal/st/built-in.a
  CC      drivers/thermal/qcom/tsens.o
  CC      drivers/watchdog/npcm_wdt.o
  AR      drivers/thermal/tegra/built-in.a
  CC      drivers/watchdog/imx2_wdt.o
  CC      drivers/thermal/qcom/tsens-v2.o
  AR      drivers/net/ethernet/microsoft/built-in.a
  CC      drivers/net/ethernet/intel/e1000e/82571.o
  CC      drivers/net/ethernet/intel/e1000/e1000_param.o
  CC      drivers/watchdog/bcm2835_wdt.o
  CC      drivers/thermal/qcom/tsens-v1.o
  CC      drivers/watchdog/mtk_wdt.o
  CC      drivers/thermal/qcom/tsens-v0_1.o
  AR      drivers/net/ethernet/intel/e1000/built-in.a
  CC      drivers/net/ethernet/intel/e1000e/ich8lan.o
  CC      drivers/edac/edac_mc.o
  CC      drivers/watchdog/renesas_wdt.o
  CC      drivers/thermal/qcom/tsens-8960.o
  CC      drivers/watchdog/rzg2l_wdt.o
  AR      drivers/thermal/qcom/built-in.a
  AR      drivers/thermal/mediatek/built-in.a
  CC      drivers/thermal/thermal_core.o
  CC      drivers/edac/edac_device.o
  CC      drivers/watchdog/rzv2h_wdt.o
  CC      drivers/edac/edac_mc_sysfs.o
  CC      drivers/net/ethernet/intel/e1000e/80003es2lan.o
  CC      drivers/thermal/thermal_sysfs.o
  CC      drivers/watchdog/stm32_iwdg.o
  CC      drivers/thermal/thermal_trip.o
  CC      drivers/edac/edac_module.o
  CC      drivers/watchdog/uniphier_wdt.o
  CC      drivers/net/ethernet/intel/e1000e/mac.o
  CC      drivers/thermal/thermal_helpers.o
  CC      drivers/edac/edac_device_sysfs.o
  CC      drivers/watchdog/rtd119x_wdt.o
  CC      drivers/thermal/thermal_thresholds.o
  CC      drivers/watchdog/arm_smc_wdt.o
  CC      drivers/thermal/thermal_hwmon.o
  CC      drivers/edac/wq.o
  CC      drivers/net/ethernet/intel/e1000e/manage.o
  CC      drivers/watchdog/marvell_gti_wdt.o
  CC      drivers/thermal/thermal_of.o
  CC      drivers/edac/edac_pci.o
  AR      drivers/watchdog/built-in.a
  AR      drivers/net/ethernet/litex/built-in.a
  CC      drivers/net/ethernet/intel/igb/igb_main.o
  CC      drivers/thermal/gov_step_wise.o
  CC      drivers/net/ethernet/intel/e1000e/nvm.o
  CC      drivers/edac/edac_pci_sysfs.o
  CC      drivers/thermal/gov_power_allocator.o
  CC      drivers/thermal/cpufreq_cooling.o
  CC      drivers/net/ethernet/intel/e1000e/phy.o
  CC      drivers/edac/ghes_edac.o
  CC      drivers/thermal/devfreq_cooling.o
  AR      drivers/edac/built-in.a
  CC      drivers/thermal/sun8i_thermal.o
  CC      drivers/net/ethernet/intel/e1000e/param.o
  CC      drivers/thermal/rockchip_thermal.o
  CC      drivers/net/ethernet/intel/igb/igb_ethtool.o
  CC      drivers/net/ethernet/intel/e1000e/ethtool.o
  CC      drivers/thermal/armada_thermal.o
  CC      drivers/net/ethernet/marvell/mvpp2/mvpp2_main.o
  CC      drivers/thermal/hisi_thermal.o
  CC      drivers/thermal/uniphier_thermal.o
  CC      drivers/net/ethernet/intel/e1000e/netdev.o
  CC      drivers/net/ethernet/intel/igb/e1000_82575.o
  CC      drivers/thermal/amlogic_thermal.o
  AR      drivers/thermal/built-in.a
  AR      drivers/net/ethernet/marvell/octeon_ep/built-in.a
  CC      drivers/net/ethernet/intel/e1000e/ptp.o
  CC      drivers/net/ethernet/intel/igb/e1000_mac.o
  AR      drivers/net/ethernet/marvell/octeon_ep_vf/built-in.a
  CC      drivers/net/ethernet/intel/igbvf/vf.o
  CC      drivers/net/ethernet/marvell/mvpp2/mvpp2_prs.o
  CC      drivers/net/ethernet/intel/igbvf/mbx.o
  CC      drivers/net/ethernet/intel/igb/e1000_nvm.o
  AR      drivers/net/ethernet/intel/e1000e/built-in.a
  CC      drivers/net/ethernet/marvell/mvpp2/mvpp2_cls.o
  CC      drivers/net/ethernet/intel/igbvf/ethtool.o
  CC      drivers/net/ethernet/intel/igb/e1000_phy.o
  AR      drivers/net/ethernet/mediatek/built-in.a
  CC      drivers/opp/core.o
  CC      drivers/net/ethernet/marvell/mvpp2/mvpp2_debugfs.o
  CC      drivers/net/ethernet/intel/igbvf/netdev.o
  CC      drivers/net/ethernet/intel/igb/e1000_mbx.o
  AR      drivers/net/ethernet/marvell/mvpp2/built-in.a
  AR      drivers/net/ethernet/marvell/octeontx2/built-in.a
  AR      drivers/net/ethernet/marvell/prestera/built-in.a
  CC      drivers/net/ethernet/marvell/mvmdio.o
  CC      drivers/opp/cpu.o
  CC      drivers/net/ethernet/intel/igb/e1000_i210.o
  CC      drivers/opp/of.o
  AR      drivers/net/ethernet/intel/igbvf/built-in.a
  CC      drivers/opp/debugfs.o
  CC      drivers/net/ethernet/marvell/mvneta.o
  CC      drivers/net/ethernet/intel/igb/igb_ptp.o
  CC      drivers/cpufreq/cpufreq.o
  CC      drivers/opp/ti-opp-supply.o
  AR      drivers/opp/built-in.a
  CC      drivers/cpufreq/freq_table.o
  CC      drivers/net/ethernet/intel/igb/igb_hwmon.o
  CC      drivers/net/ethernet/marvell/sky2.o
  CC      drivers/cpufreq/cpufreq_stats.o
  CC      drivers/cpufreq/cpufreq_performance.o
  AR      drivers/net/ethernet/mellanox/built-in.a
  CC      drivers/cpuidle/governors/menu.o
  CC      drivers/net/ethernet/intel/igb/igb_xsk.o
  CC      drivers/cpufreq/cpufreq_userspace.o
  AR      drivers/cpuidle/governors/built-in.a
  CC      drivers/cpuidle/cpuidle.o
  CC      drivers/cpufreq/cpufreq_ondemand.o
  AR      drivers/net/ethernet/intel/igb/built-in.a
  AR      drivers/net/ethernet/intel/built-in.a
  CC      drivers/cpuidle/driver.o
  CC      drivers/cpufreq/cpufreq_governor.o
  AR      drivers/net/ethernet/marvell/built-in.a
  AR      drivers/net/ethernet/meta/built-in.a
  AR      drivers/net/ethernet/micrel/built-in.a
  AR      drivers/net/ethernet/microchip/built-in.a
  AR      drivers/net/ethernet/mscc/built-in.a
  AR      drivers/net/ethernet/myricom/built-in.a
  AR      drivers/net/ethernet/natsemi/built-in.a
  AR      drivers/net/ethernet/neterion/built-in.a
  AR      drivers/net/ethernet/netronome/built-in.a
  AR      drivers/net/ethernet/ni/built-in.a
  AR      drivers/net/ethernet/nvidia/built-in.a
  AR      drivers/net/ethernet/oki-semi/built-in.a
  AR      drivers/net/ethernet/packetengines/built-in.a
  AR      drivers/net/ethernet/qlogic/built-in.a
  AR      drivers/net/ethernet/qualcomm/emac/built-in.a
  AR      drivers/net/ethernet/qualcomm/built-in.a
  AR      drivers/net/ethernet/realtek/built-in.a
  CC      drivers/net/ethernet/renesas/sh_eth.o
  CC      drivers/cpuidle/governor.o
  UPD     kernel/config_data
  CC      drivers/cpufreq/cpufreq_governor_attr_set.o
  GZIP    kernel/config_data.gz
  CC      kernel/configs.o
  CC      drivers/cpuidle/sysfs.o
  CC      drivers/cpufreq/cpufreq-dt.o
  AR      kernel/built-in.a
  CC      drivers/mmc/core/core.o
  CC      drivers/cpuidle/dt_idle_states.o
  CC      drivers/cpuidle/dt_idle_genpd.o
  CC      drivers/cpufreq/cpufreq-dt-platdev.o
  CC      drivers/net/ethernet/renesas/ravb_main.o
  CC      drivers/cpuidle/cpuidle-psci.o
  CC      drivers/cpufreq/airoha-cpufreq.o
  CC      drivers/mmc/core/bus.o
  CC      drivers/cpufreq/armada-37xx-cpufreq.o
  CC      drivers/mmc/core/host.o
  CC      drivers/cpuidle/cpuidle-psci-domain.o
  CC      drivers/cpufreq/mediatek-cpufreq.o
  AR      drivers/cpuidle/built-in.a
  CC      drivers/cpufreq/qcom-cpufreq-hw.o
  CC      drivers/mmc/core/mmc.o
  CC      drivers/net/ethernet/renesas/ravb_ptp.o
  CC      drivers/ufs/core/ufshcd.o
  CC      drivers/cpufreq/qcom-cpufreq-nvmem.o
  CC      drivers/cpufreq/scmi-cpufreq.o
  CC      drivers/net/ethernet/renesas/rswitch_main.o
  CC      drivers/mmc/core/mmc_ops.o
  CC      drivers/cpufreq/scpi-cpufreq.o
  CC      drivers/mmc/core/sd.o
  CC      drivers/cpufreq/tegra20-cpufreq.o
  CC      drivers/cpufreq/tegra124-cpufreq.o
  CC      drivers/net/ethernet/renesas/rswitch_l2.o
  CC      drivers/cpufreq/tegra186-cpufreq.o
  CC      drivers/mmc/core/sd_ops.o
  CC      drivers/ufs/core/ufs-sysfs.o
  CC      drivers/cpufreq/tegra194-cpufreq.o
  CC      drivers/net/ethernet/renesas/rcar_gen4_ptp.o
  CC      drivers/mmc/core/sdio.o
  CC      drivers/cpufreq/ti-cpufreq.o
  CC      drivers/net/ethernet/renesas/rtsn.o
  CC      drivers/mmc/core/sdio_ops.o
  CC      drivers/cpufreq/qoriq-cpufreq.o
  CC      drivers/mmc/core/sdio_bus.o
  CC      drivers/ufs/core/ufs-mcq.o
  AR      drivers/net/ethernet/renesas/built-in.a
  AR      drivers/cpufreq/built-in.a
  AR      drivers/net/ethernet/rdc/built-in.a
  CC      drivers/ufs/host/ufs-exynos.o
  AR      drivers/net/ethernet/rocker/built-in.a
  AR      drivers/net/ethernet/samsung/built-in.a
  AR      drivers/net/ethernet/seeq/built-in.a
  AR      drivers/net/ethernet/silan/built-in.a
  AR      drivers/net/ethernet/sis/built-in.a
  AR      drivers/net/ethernet/sfc/built-in.a
  CC      drivers/net/ethernet/smsc/smc91x.o
  CC      drivers/mmc/core/sdio_cis.o
  CC      drivers/ufs/core/ufs-debugfs.o
  CC      drivers/ufs/host/ufshcd-pltfrm.o
  CC      drivers/mmc/core/sdio_io.o
  CC      drivers/ufs/core/ufs_bsg.o
  CC      drivers/net/ethernet/smsc/smsc911x.o
  CC      drivers/ufs/host/ufs-hisi.o
  CC      drivers/mmc/core/sdio_irq.o
  AR      drivers/ufs/core/built-in.a
  CC      drivers/mmc/core/sd_uhs2.o
  CC      drivers/ufs/host/ufs-rockchip.o
  CC      drivers/mmc/host/mmci.o
  AR      drivers/net/ethernet/smsc/built-in.a
  CC      drivers/net/ethernet/socionext/sni_ave.o
  AR      drivers/ufs/host/built-in.a
  AR      drivers/ufs/built-in.a
  CC      drivers/mmc/core/slot-gpio.o
  CC      drivers/mmc/host/mmci_qcom_dml.o
  CC      drivers/mmc/host/mmci_stm32_sdmmc.o
  CC      drivers/mmc/core/regulator.o
  CC      drivers/net/ethernet/socionext/netsec.o
  CC      drivers/mmc/host/sdhci.o
  CC      drivers/mmc/core/pwrseq.o
  CC      drivers/mmc/core/debugfs.o
  AR      drivers/firmware/arm_ffa/built-in.a
  CC      drivers/firmware/arm_scmi/transports/smc.o
  CC      drivers/mmc/core/pwrseq_simple.o
  AR      drivers/net/ethernet/socionext/built-in.a
  CC      drivers/net/ethernet/stmicro/stmmac/stmmac_main.o
  CC      drivers/firmware/arm_scmi/transports/mailbox.o
  CC      drivers/mmc/core/pwrseq_emmc.o
  CC      drivers/firmware/arm_scmi/transports/optee.o
  CC      drivers/mmc/host/sdhci-acpi.o
  CC      drivers/mmc/core/block.o
  AR      drivers/firmware/arm_scmi/transports/built-in.a
  CC      drivers/firmware/arm_scmi/vendors/imx/imx-sm-bbm.o
  CC      drivers/mmc/host/sdhci_f_sdh30.o
  CC      drivers/firmware/arm_scmi/vendors/imx/imx-sm-cpu.o
  CC      drivers/mmc/host/sdhci_am654.o
  CC      drivers/firmware/arm_scmi/vendors/imx/imx-sm-lmm.o
  CC      drivers/mmc/core/queue.o
  CC      drivers/firmware/arm_scmi/vendors/imx/imx-sm-misc.o
  CC      drivers/mmc/host/mtk-sd.o
  AR      drivers/mmc/core/built-in.a
  AR      drivers/crypto/allwinner/built-in.a
  AR      drivers/crypto/stm32/built-in.a
  AR      drivers/crypto/inside-secure/eip93/built-in.a
  AR      drivers/crypto/inside-secure/built-in.a
  CC      drivers/net/ethernet/stmicro/stmmac/stmmac_ethtool.o
  AR      drivers/crypto/xilinx/built-in.a
  AR      drivers/firmware/arm_scmi/vendors/imx/built-in.a
  CC      drivers/firmware/arm_scmi/bus.o
  AR      drivers/crypto/hisilicon/built-in.a
  AR      drivers/crypto/loongson/built-in.a
  AR      drivers/crypto/intel/keembay/built-in.a
  AR      drivers/crypto/intel/ixp4xx/built-in.a
  AR      drivers/crypto/intel/built-in.a
  AR      drivers/crypto/starfive/built-in.a
  AR      drivers/crypto/cavium/built-in.a
  AR      drivers/crypto/ti/built-in.a
  AR      drivers/crypto/built-in.a
  CC      drivers/firmware/broadcom/tee_bnxt_fw.o
  CC      drivers/firmware/arm_scmi/driver.o
  AR      drivers/firmware/broadcom/built-in.a
  AR      drivers/net/ethernet/sun/built-in.a
  CC      drivers/mmc/host/mmc_spi.o
  CC      drivers/net/ethernet/stmicro/stmmac/stmmac_mdio.o
  AR      drivers/net/ethernet/tehuti/built-in.a
  CC      drivers/clocksource/timer-of.o
  CC      drivers/mmc/host/of_mmc_spi.o
  CC      drivers/firmware/arm_scmi/notify.o
  CC      drivers/clocksource/timer-probe.o
  CC      drivers/net/ethernet/stmicro/stmmac/ring_mode.o
  CC      drivers/mmc/host/tmio_mmc_core.o
  CC      drivers/clocksource/sh_cmt.o
  CC      drivers/firmware/arm_scmi/quirks.o
  CC      drivers/net/ethernet/stmicro/stmmac/chain_mode.o
  CC      drivers/firmware/arm_scmi/base.o
  CC      drivers/clocksource/renesas-ostm.o
  CC      drivers/mmc/host/renesas_sdhi_core.o
  CC      drivers/firmware/arm_scmi/clock.o
  CC      drivers/clocksource/sh_tmu.o
  CC      drivers/net/ethernet/stmicro/stmmac/dwmac_lib.o
  CC      drivers/firmware/arm_scmi/perf.o
  CC      drivers/clocksource/mmio.o
  CC      drivers/mmc/host/renesas_sdhi_internal_dmac.o
  CC      drivers/clocksource/timer-ti-dm.o
  CC      drivers/net/ethernet/stmicro/stmmac/dwmac1000_core.o
  CC      drivers/firmware/arm_scmi/power.o
  CC      drivers/mmc/host/uniphier-sd.o
  CC      drivers/firmware/arm_scmi/reset.o
  CC      drivers/clocksource/dw_apb_timer.o
  CC      drivers/net/ethernet/stmicro/stmmac/dwmac1000_dma.o
  CC      drivers/firmware/arm_scmi/sensors.o
  CC      drivers/mmc/host/dw_mmc.o
  CC      drivers/clocksource/dw_apb_timer_of.o
  CC      drivers/firmware/arm_scmi/system.o
  CC      drivers/clocksource/timer-rockchip.o
  CC      drivers/net/ethernet/stmicro/stmmac/dwmac100_core.o
  CC      drivers/firmware/arm_scmi/voltage.o
  CC      drivers/clocksource/timer-sun4i.o
  CC      drivers/mmc/host/dw_mmc-pltfm.o
  CC      drivers/firmware/arm_scmi/powercap.o
  CC      drivers/net/ethernet/stmicro/stmmac/dwmac100_dma.o
  CC      drivers/clocksource/timer-tegra.o
  CC      drivers/mmc/host/dw_mmc-exynos.o
  CC      drivers/firmware/arm_scmi/pinctrl.o
  CC      drivers/clocksource/timer-tegra186.o
  CC      drivers/net/ethernet/stmicro/stmmac/enh_desc.o
  CC      drivers/mmc/host/dw_mmc-hi3798cv200.o
  CC      drivers/firmware/arm_scmi/shmem.o
  CC      drivers/clocksource/timer-stm32-lp.o
  CC      drivers/firmware/arm_scmi/msg.o
  CC      drivers/mmc/host/dw_mmc-k3.o
  CC      drivers/net/ethernet/stmicro/stmmac/norm_desc.o
  CC      drivers/clocksource/exynos_mct.o
  AR      drivers/firmware/arm_scmi/built-in.a
  AR      drivers/firmware/cirrus/test/built-in.a
  AR      drivers/firmware/cirrus/built-in.a
  CC      drivers/firmware/meson/meson_sm.o
  CC      drivers/clocksource/timer-mediatek.o
  CC      drivers/mmc/host/dw_mmc-rockchip.o
  CC      drivers/net/ethernet/stmicro/stmmac/mmc_core.o
  CC      drivers/firmware/meson/meson_gx_pm.o
  CC      drivers/clocksource/timer-mediatek-cpux.o
  CC      drivers/mmc/host/meson-gx-mmc.o
  AR      drivers/firmware/meson/built-in.a
  AR      drivers/firmware/microchip/built-in.a
  AR      drivers/firmware/google/built-in.a
  CC      drivers/firmware/efi/libstub/alignedmem.o
  CC      drivers/clocksource/timer-owl.o
  CC      drivers/net/ethernet/stmicro/stmmac/stmmac_hwtstamp.o
  CC      drivers/clocksource/timer-sprd.o
  CC      drivers/firmware/efi/libstub/arm64-stub.o
  CC      drivers/mmc/host/sunxi-mmc.o
  CC      drivers/clocksource/timer-npcm7xx.o
  CC      drivers/firmware/efi/libstub/arm64.o
  CC      drivers/net/ethernet/stmicro/stmmac/stmmac_ptp.o
  CC      drivers/clocksource/arm_arch_timer.o
  CC      drivers/mmc/host/bcm2835.o
  CC      drivers/firmware/efi/libstub/efi-stub-entry.o
  CC      drivers/net/ethernet/stmicro/stmmac/dwmac4_descs.o
  CC      drivers/firmware/efi/libstub/efi-stub-helper.o
  CC      drivers/clocksource/arm_arch_timer_mmio.o
  CC      drivers/mmc/host/owl-mmc.o
  CC      drivers/clocksource/timer-sp804.o
  CC      drivers/firmware/efi/libstub/efi-stub.o
  CC      drivers/net/ethernet/stmicro/stmmac/dwmac4_dma.o
  CC      drivers/mmc/host/sdhci-pltfm.o
  CC      drivers/clocksource/dummy_timer.o
  CC      drivers/firmware/efi/libstub/fdt.o
  CC      drivers/mmc/host/sdhci-cadence.o
  CC      drivers/clocksource/timer-imx-sysctr.o
  CC      drivers/net/ethernet/stmicro/stmmac/dwmac4_lib.o
  CC      drivers/firmware/efi/libstub/file.o
  AR      drivers/clocksource/built-in.a
  CC      drivers/mmc/host/sdhci-esdhc-imx.o
  CC      drivers/firmware/efi/libstub/gop.o
  CC      drivers/net/ethernet/stmicro/stmmac/dwmac4_core.o
  CC      drivers/net/ethernet/ti/davinci_mdio.o
  CC      drivers/firmware/efi/libstub/intrinsics.o
  CC      drivers/mmc/host/sdhci-tegra.o
  CC      drivers/net/ethernet/ti/k3-cppi-desc-pool.o
  CC      drivers/firmware/efi/libstub/kaslr.o
  CC      drivers/net/ethernet/stmicro/stmmac/dwmac5.o
  CC      drivers/net/ethernet/ti/am65-cpsw-nuss.o
  CC      drivers/firmware/efi/libstub/lib-cmdline.o
  CC      drivers/firmware/efi/libstub/lib-ctype.o
  CC      drivers/firmware/efi/libstub/lib-fdt.o
  CC      drivers/mmc/host/sdhci-of-arasan.o
  CC      drivers/firmware/efi/libstub/lib-fdt_empty_tree.o
  CC      drivers/firmware/efi/libstub/lib-fdt_ro.o
  CC      drivers/net/ethernet/stmicro/stmmac/hwif.o
  CC      drivers/firmware/efi/libstub/lib-fdt_rw.o
  CC      drivers/firmware/efi/libstub/lib-fdt_sw.o
  CC      drivers/firmware/efi/libstub/lib-fdt_wip.o
  CC      drivers/firmware/efi/libstub/mem.o
  CC      drivers/mmc/host/sdhci-of-esdhc.o
  CC      drivers/net/ethernet/stmicro/stmmac/stmmac_tc.o
  CC      drivers/firmware/efi/libstub/pci.o
  CC      drivers/net/ethernet/ti/am65-cpsw-ethtool.o
  CC      drivers/firmware/efi/libstub/printk.o
  CC      drivers/mmc/host/sdhci-of-dwcmshc.o
  CC      drivers/net/ethernet/stmicro/stmmac/dwxgmac2_core.o
  CC      drivers/firmware/efi/libstub/random.o
  CC      drivers/net/ethernet/ti/cpsw_sl.o
  CC      drivers/firmware/efi/libstub/randomalloc.o
  CC      drivers/net/ethernet/ti/cpsw_ale.o
  CC      drivers/mmc/host/sdhci-of-sparx5.o
  CC      drivers/net/ethernet/stmicro/stmmac/dwxgmac2_dma.o
  CC      drivers/firmware/efi/libstub/relocate.o
  CC      drivers/mmc/host/sdhci-iproc.o
  CC      drivers/firmware/efi/libstub/screen_info.o
  AR      drivers/net/ethernet/ti/built-in.a
  CC      drivers/firmware/imx/imx-scu.o
  CC      drivers/net/ethernet/stmicro/stmmac/dwxgmac2_descs.o
  CC      drivers/mmc/host/sdhci-msm.o
  CC      drivers/firmware/efi/libstub/secureboot.o
  CC      drivers/firmware/imx/misc.o
  CC      drivers/firmware/imx/imx-scu-irq.o
  CC      drivers/firmware/efi/libstub/skip_spaces.o
  CC      drivers/firmware/efi/libstub/smbios.o
  CC      drivers/net/ethernet/stmicro/stmmac/stmmac_xdp.o
  CC      drivers/firmware/imx/rm.o
  CC      drivers/mmc/host/sdhci-brcmstb.o
  CC      drivers/firmware/efi/libstub/string.o
  CC      drivers/firmware/efi/libstub/systable.o
  CC      drivers/firmware/imx/imx-scu-soc.o
  CC      drivers/net/ethernet/stmicro/stmmac/stmmac_est.o
  CC      drivers/firmware/efi/libstub/tpm.o
  CC      drivers/mmc/host/cqhci-core.o
  CC      drivers/firmware/imx/sm-cpu.o
  CC      drivers/firmware/imx/sm-misc.o
  CC      drivers/net/ethernet/stmicro/stmmac/stmmac_fpe.o
  CC      drivers/firmware/efi/libstub/vsprintf.o
  STUBCPY drivers/firmware/efi/libstub/alignedmem.stub.o
  STUBCPY drivers/firmware/efi/libstub/arm64-stub.stub.o
  STUBCPY drivers/firmware/efi/libstub/arm64.stub.o
  CC      drivers/firmware/imx/sm-lmm.o
  STUBCPY drivers/firmware/efi/libstub/efi-stub-entry.stub.o
  STUBCPY drivers/firmware/efi/libstub/efi-stub-helper.stub.o
  STUBCPY drivers/firmware/efi/libstub/efi-stub.stub.o
  STUBCPY drivers/firmware/efi/libstub/fdt.stub.o
  STUBCPY drivers/firmware/efi/libstub/file.stub.o
  STUBCPY drivers/firmware/efi/libstub/gop.stub.o
  STUBCPY drivers/firmware/efi/libstub/intrinsics.stub.o
  STUBCPY drivers/firmware/efi/libstub/kaslr.stub.o
  STUBCPY drivers/firmware/efi/libstub/lib-cmdline.stub.o
  STUBCPY drivers/firmware/efi/libstub/lib-ctype.stub.o
  STUBCPY drivers/firmware/efi/libstub/lib-fdt.stub.o
  STUBCPY drivers/firmware/efi/libstub/lib-fdt_empty_tree.stub.o
  STUBCPY drivers/firmware/efi/libstub/lib-fdt_ro.stub.o
  STUBCPY drivers/firmware/efi/libstub/lib-fdt_rw.stub.o
  STUBCPY drivers/firmware/efi/libstub/lib-fdt_sw.stub.o
  STUBCPY drivers/firmware/efi/libstub/lib-fdt_wip.stub.o
  STUBCPY drivers/firmware/efi/libstub/mem.stub.o
  STUBCPY drivers/firmware/efi/libstub/pci.stub.o
  STUBCPY drivers/firmware/efi/libstub/printk.stub.o
  STUBCPY drivers/firmware/efi/libstub/random.stub.o
  STUBCPY drivers/firmware/efi/libstub/randomalloc.stub.o
  CC      drivers/mmc/host/mmc_hsq.o
  STUBCPY drivers/firmware/efi/libstub/relocate.stub.o
  STUBCPY drivers/firmware/efi/libstub/screen_info.stub.o
  STUBCPY drivers/firmware/efi/libstub/secureboot.stub.o
  STUBCPY drivers/firmware/efi/libstub/skip_spaces.stub.o
  STUBCPY drivers/firmware/efi/libstub/smbios.stub.o
  STUBCPY drivers/firmware/efi/libstub/string.stub.o
  STUBCPY drivers/firmware/efi/libstub/systable.stub.o
  STUBCPY drivers/firmware/efi/libstub/tpm.stub.o
  STUBCPY drivers/firmware/efi/libstub/vsprintf.stub.o
  AR      drivers/firmware/efi/libstub/lib.a
  CC      drivers/firmware/efi/efi.o
  AR      drivers/firmware/imx/built-in.a
  CC      drivers/hid/usbhid/hid-core.o
  CC      drivers/net/ethernet/stmicro/stmmac/stmmac_vlan.o
  CC      drivers/mmc/host/sdhci-xenon.o
  CC      drivers/firmware/efi/vars.o
  CC      drivers/net/ethernet/stmicro/stmmac/stmmac_pcs.o
  AR      drivers/hid/usbhid/built-in.a
  CC      drivers/hid/hid-core.o
  CC      drivers/mmc/host/sdhci-xenon-phy.o
  CC      drivers/firmware/efi/reboot.o
  CC      drivers/firmware/efi/memattr.o
  AR      drivers/mmc/host/built-in.a
  AR      drivers/mmc/built-in.a
  AR      drivers/net/ethernet/vertexcom/built-in.a
  CC      drivers/firmware/psci/psci.o
  CC      drivers/net/ethernet/stmicro/stmmac/stmmac_platform.o
  CC      drivers/firmware/efi/tpm.o
  CC      drivers/hid/hid-input.o
  AR      drivers/firmware/psci/built-in.a
  CC      drivers/of/base.o
  CC      drivers/firmware/efi/memmap.o
  CC      drivers/net/ethernet/stmicro/stmmac/dwmac-nuvoton.o
  CC      drivers/firmware/efi/capsule.o
  CC      drivers/of/cpu.o
  CC      drivers/net/ethernet/stmicro/stmmac/dwmac-rk.o
  CC      drivers/hid/hid-quirks.o
  CC      drivers/of/device.o
  CC      drivers/firmware/efi/fdtparams.o
  CC      drivers/hid/hid-debug.o
  CC      drivers/of/module.o
  CC      drivers/firmware/efi/esrt.o
  AR      drivers/net/ethernet/stmicro/stmmac/built-in.a
  AR      drivers/net/ethernet/stmicro/built-in.a
  AR      drivers/net/ethernet/via/built-in.a
  CC      drivers/of/platform.o
  AR      drivers/net/ethernet/wangxun/built-in.a
  AR      drivers/net/ethernet/wiznet/built-in.a
  AR      drivers/net/ethernet/xilinx/built-in.a
  AR      drivers/net/ethernet/synopsys/built-in.a
  AR      drivers/net/ethernet/pensando/built-in.a
  CC      drivers/firmware/efi/efi-pstore.o
  CC      drivers/hid/hid-generic.o
  AR      drivers/net/ethernet/built-in.a
  CC      drivers/net/net_failover.o
  CC      drivers/of/property.o
  CC      drivers/firmware/efi/cper.o
  CC      drivers/hid/hid-a4tech.o
  AR      drivers/net/built-in.a
  CC      drivers/firmware/qcom/qcom_scm.o
  CC      drivers/firmware/efi/cper_cxl.o
  CC      drivers/hid/hid-apple.o
  CC      drivers/of/kobj.o
  CC      drivers/firmware/efi/runtime-wrappers.o
  CC      drivers/of/dynamic.o
  CC      drivers/hid/hid-belkin.o
  CC      drivers/firmware/qcom/qcom_scm-smc.o
  CC      drivers/firmware/efi/sysfb_efi.o
  CC      drivers/of/fdt.o
  CC      drivers/firmware/qcom/qcom_scm-legacy.o
  CC      drivers/hid/hid-cherry.o
  CC      drivers/firmware/efi/efi-init.o
  CC      drivers/firmware/qcom/qcom_tzmem.o
  DTC     drivers/of/empty_root.dtb
  CC      drivers/of/fdt_address.o
  CC      drivers/hid/hid-chicony.o
/tmp/gmac_patch_build_20260618_143722/src/drivers/of/fdt_address.c:150:12: warning: no previous prototype for ‘fdt_translate_address’ [-Wmissing-prototypes]
  150 | u64 __init fdt_translate_address(const void *blob, int node_offset)
      |            ^~~~~~~~~~~~~~~~~~~~~
  CC      drivers/firmware/efi/arm-runtime.o
  CC      drivers/of/address.o
  CC      drivers/firmware/qcom/qcom_qseecom.o
  CC      drivers/hid/hid-cypress.o
  CC      drivers/firmware/efi/capsule-loader.o
  CC      drivers/firmware/qcom/qcom_qseecom_uefisecapp.o
  CC      drivers/of/irq.o
  CC      drivers/firmware/efi/earlycon.o
  CC      drivers/hid/hid-ezkey.o
  AR      drivers/firmware/qcom/built-in.a
  AR      drivers/staging/media/built-in.a
  AR      drivers/staging/iio/accel/built-in.a
  AR      drivers/staging/iio/adc/built-in.a
  AR      drivers/staging/iio/addac/built-in.a
  AR      drivers/staging/iio/frequency/built-in.a
  AR      drivers/staging/iio/impedance-analyzer/built-in.a
  AR      drivers/staging/iio/built-in.a
  AR      drivers/staging/built-in.a
  CC      drivers/of/of_reserved_mem.o
  CC      drivers/firmware/efi/cper-arm.o
  AR      drivers/firmware/samsung/built-in.a
  CC      drivers/hid/hid-ite.o
  CC      drivers/platform/chrome/chromeos_of_hw_prober.o
  CC      drivers/of/resolver.o
  CC      drivers/platform/chrome/cros_ec.o
  AR      drivers/firmware/efi/built-in.a
  CC      drivers/firmware/smccc/smccc.o
  CC      drivers/hid/hid-kensington.o
  CC      drivers/of/overlay.o
  CC      drivers/firmware/smccc/kvm_guest.o
  CC      drivers/platform/chrome/cros_ec_i2c.o
  CC      drivers/hid/hid-microsoft.o
  CC      drivers/of/of_numa.o
  CC      drivers/firmware/smccc/soc_id.o
  CC      drivers/of/kexec.o
  CC      drivers/platform/chrome/cros_ec_spi.o
  AR      drivers/firmware/smccc/built-in.a
  CC      drivers/firmware/tegra/bpmp.o
  CC      drivers/hid/hid-monterey.o
  WRAP    drivers/of/empty_root.dtb.S
  AS      drivers/of/empty_root.dtb.o
  AR      drivers/of/built-in.a
  CC      drivers/hid/hid-redragon.o
  CC      drivers/platform/chrome/cros_ec_proto.o
  CC      drivers/firmware/tegra/bpmp-tegra210.o
  CC      drivers/mailbox/mailbox.o
  CC      drivers/mailbox/arm_mhu.o
  AR      drivers/hid/built-in.a
  CC      drivers/firmware/tegra/bpmp-tegra186.o
  AR      drivers/platform/surface/built-in.a
  CC      drivers/firmware/xilinx/zynqmp.o
  CC      drivers/platform/chrome/cros_ec_trace.o
  CC      drivers/platform/chrome/cros_ec_lightbar.o
  CC      drivers/mailbox/arm_mhu_db.o
  CC      drivers/firmware/tegra/bpmp-debugfs.o
  AR      drivers/firmware/xilinx/built-in.a
  AR      drivers/platform/arm64/built-in.a
  CC      drivers/hwspinlock/hwspinlock_core.o
  CC      drivers/platform/chrome/cros_ec_vbc.o
  CC      drivers/mailbox/imx-mailbox.o
  CC      drivers/firmware/tegra/ivc.o
  CC      drivers/hwspinlock/qcom_hwspinlock.o
  CC      drivers/platform/chrome/cros_ec_debugfs.o
  AR      drivers/hwspinlock/built-in.a
  CC      drivers/firmware/arm_scpi.o
  AR      drivers/firmware/tegra/built-in.a
  CC      drivers/mailbox/platform_mhu.o
  CC      drivers/platform/chrome/cros_ec_sensorhub.o
  CC      drivers/remoteproc/remoteproc_core.o
  CC      drivers/platform/chrome/cros_ec_sensorhub_ring.o
  CC      drivers/mailbox/pcc.o
  CC      drivers/firmware/arm_sdei.o
  CC      drivers/platform/chrome/cros_ec_sysfs.o
  CC      drivers/remoteproc/remoteproc_coredump.o
  CC      drivers/mailbox/bcm2835-mailbox.o
  CC      drivers/platform/chrome/cros_usbpd_notify.o
  CC      drivers/firmware/dmi_scan.o
  CC      drivers/mailbox/ti-msgmgr.o
  CC      drivers/remoteproc/remoteproc_debugfs.o
  AR      drivers/platform/chrome/built-in.a
  AR      drivers/platform/built-in.a
  CC      drivers/rpmsg/rpmsg_core.o
  CC      drivers/mailbox/hi3660-mailbox.o
  CC      drivers/remoteproc/remoteproc_sysfs.o
  CC      drivers/firmware/dmi-id.o
  CC      drivers/rpmsg/rpmsg_ns.o
  CC      drivers/mailbox/hi6220-mailbox.o
  CC      drivers/remoteproc/remoteproc_virtio.o
  CC      drivers/rpmsg/qcom_glink_native.o
  CC      drivers/firmware/stratix10-svc.o
  CC      drivers/mailbox/qcom-apcs-ipc-mailbox.o
  CC      drivers/remoteproc/remoteproc_elf_loader.o
  CC      drivers/firmware/raspberrypi.o
  CC      drivers/mailbox/tegra-hsp.o
  CC      drivers/rpmsg/qcom_glink_ssr.o
  CC      drivers/remoteproc/imx_rproc.o
  CC      drivers/firmware/sysfb.o
  CC      drivers/rpmsg/qcom_glink_rpm.o
  CC      drivers/mailbox/zynqmp-ipi-mailbox.o
  CC      drivers/rpmsg/qcom_smd.o
  CC      drivers/firmware/ti_sci.o
  AR      drivers/remoteproc/built-in.a
  AR      drivers/devfreq/event/built-in.a
  CC      drivers/devfreq/devfreq.o
  CC      drivers/mailbox/sun6i-msgbox.o
  CC      drivers/rpmsg/virtio_rpmsg_bus.o
  CC      drivers/mailbox/qcom-ipcc.o
  CC      drivers/devfreq/devfreq-event.o
  CC      drivers/mailbox/cix-mailbox.o
  CC      drivers/devfreq/governor_simpleondemand.o
  AR      drivers/rpmsg/built-in.a
  CC      drivers/extcon/extcon.o
  AR      drivers/firmware/built-in.a
  CC      drivers/mailbox/bcm74110-mailbox.o
  CC      drivers/devfreq/governor_userspace.o
  CC      drivers/extcon/devres.o
  CC      drivers/memory/tegra/mc.o
  AR      drivers/mailbox/built-in.a
  CC      drivers/devfreq/imx-bus.o
  CC      drivers/memory/brcmstb_dpfe.o
  CC      drivers/extcon/extcon-usb-gpio.o
  AR      drivers/devfreq/built-in.a
  CC      drivers/memory/tegra/tegra124.o
  CC      drivers/extcon/extcon-usbc-cros-ec.o
  CC      drivers/memory/brcmstb_memc.o
  AR      drivers/iio/accel/built-in.a
  CC      drivers/iio/adc/exynos_adc.o
  CC      drivers/memory/tegra/tegra210.o
  AR      drivers/extcon/built-in.a
  CC      drivers/iio/adc/meson_saradc.o
  CC      drivers/memory/tegra/tegra186.o
  CC      drivers/perf/hisilicon/hisi_uncore_pmu.o
  CC      drivers/perf/hisilicon/hisi_uncore_l3c_pmu.o
  CC      drivers/memory/tegra/tegra194.o
  AR      drivers/iio/adc/built-in.a
  AR      drivers/iio/addac/built-in.a
  AR      drivers/iio/afe/built-in.a
  AR      drivers/iio/amplifiers/built-in.a
  AR      drivers/iio/buffer/built-in.a
  AR      drivers/iio/cdc/built-in.a
  AR      drivers/iio/chemical/built-in.a
  AR      drivers/iio/common/cros_ec_sensors/built-in.a
  AR      drivers/iio/common/hid-sensors/built-in.a
  AR      drivers/iio/common/inv_sensors/built-in.a
  AR      drivers/iio/common/ms_sensors/built-in.a
  AR      drivers/iio/common/scmi_sensors/built-in.a
  AR      drivers/iio/common/ssp_sensors/built-in.a
  AR      drivers/iio/common/st_sensors/built-in.a
  AR      drivers/iio/common/built-in.a
  AR      drivers/iio/dac/built-in.a
  CC      drivers/memory/fsl_ifc.o
  AR      drivers/iio/dummy/built-in.a
  AR      drivers/iio/gyro/built-in.a
  AR      drivers/iio/filter/built-in.a
  AR      drivers/iio/frequency/built-in.a
  AR      drivers/iio/health/built-in.a
  AR      drivers/iio/humidity/built-in.a
  AR      drivers/iio/imu/bmi160/built-in.a
  AR      drivers/iio/imu/bmi270/built-in.a
  AR      drivers/iio/imu/bmi323/built-in.a
  AR      drivers/iio/imu/bno055/built-in.a
  AR      drivers/iio/imu/inv_icm42600/built-in.a
  AR      drivers/iio/imu/inv_mpu6050/built-in.a
  CC      drivers/memory/tegra/tegra234.o
  AR      drivers/iio/imu/st_lsm6dsx/built-in.a
  AR      drivers/iio/imu/st_lsm9ds0/built-in.a
  AR      drivers/iio/imu/built-in.a
  AR      drivers/iio/light/built-in.a
  AR      drivers/iio/magnetometer/built-in.a
  AR      drivers/iio/multiplexer/built-in.a
  AR      drivers/iio/orientation/built-in.a
  AR      drivers/iio/position/built-in.a
  CC      drivers/perf/hisilicon/hisi_uncore_hha_pmu.o
  AR      drivers/iio/potentiometer/built-in.a
  AR      drivers/iio/potentiostat/built-in.a
  AR      drivers/iio/pressure/built-in.a
  AR      drivers/iio/proximity/built-in.a
  AR      drivers/iio/resolver/built-in.a
  AR      drivers/iio/temperature/built-in.a
  AR      drivers/iio/test/built-in.a
  AR      drivers/iio/trigger/built-in.a
  CC      drivers/iio/industrialio-core.o
  CC      drivers/memory/tegra/tegra264.o
  AR      drivers/ras/amd/atl/built-in.a
  CC      drivers/ras/ras.o
  CC      drivers/perf/hisilicon/hisi_uncore_ddrc_pmu.o
  CC      drivers/iio/industrialio-event.o
  CC      drivers/memory/tegra/tegra186-emc.o
  CC      drivers/ras/debugfs.o
  AR      drivers/ras/built-in.a
  CC      drivers/memory/mtk-smi.o
  CC      drivers/perf/hisilicon/hisi_uncore_sllc_pmu.o
  AR      drivers/memory/tegra/built-in.a
  CC      drivers/iio/inkern.o
  AR      drivers/hwtracing/intel_th/built-in.a
  CC      drivers/perf/hisilicon/hisi_uncore_pa_pmu.o
  AR      drivers/memory/built-in.a
  CC      drivers/perf/arm_pmu.o
  CC      drivers/iio/industrialio-buffer.o
  CC      drivers/iio/industrialio-trigger.o
  CC      drivers/perf/hisilicon/hisi_uncore_cpa_pmu.o
  AR      drivers/android/built-in.a
  CC      drivers/iio/industrialio-acpi.o
  CC      drivers/perf/hisilicon/hisi_uncore_uc_pmu.o
  CC      drivers/perf/arm_pmu_platform.o
  CC      drivers/perf/hisilicon/hisi_uncore_noc_pmu.o
  AR      drivers/iio/built-in.a
  CC      drivers/perf/arm_pmu_acpi.o
  CC      drivers/perf/hisilicon/hisi_uncore_mn_pmu.o
  AR      drivers/nvmem/layouts/built-in.a
  CC      drivers/nvmem/core.o
  CC      drivers/perf/arm_pmuv3.o
  CC      drivers/fpga/fpga-mgr.o
  AR      drivers/perf/hisilicon/built-in.a
  CC      drivers/nvmem/layouts.o
  CC      drivers/tee/optee/core.o
  AR      drivers/fpga/built-in.a
  CC      drivers/perf/qcom_l2_pmu.o
  CC      drivers/nvmem/bcm-ocotp.o
  CC      drivers/tee/tee_core.o
  CC      drivers/tee/optee/call.o
  CC      drivers/nvmem/imx-ocotp.o
  CC      drivers/perf/qcom_l3_pmu.o
  CC      drivers/tee/optee/notif.o
  CC      drivers/mux/core.o
  CC      drivers/nvmem/imx-ocotp-scu.o
  CC      drivers/tee/optee/rpc.o
  CC      drivers/mux/mmio.o
  CC      drivers/perf/arm_brbe.o
  CC      drivers/nvmem/mtk-efuse.o
  AR      drivers/mux/built-in.a
  CC      drivers/tee/tee_heap.o
  CC      drivers/nvmem/qfprom.o
  CC      drivers/tee/optee/protmem.o
  AR      drivers/perf/built-in.a
  CC      drivers/interconnect/imx/imx.o
  CC      drivers/nvmem/rockchip-efuse.o
  CC      drivers/interconnect/qcom/icc-common.o
  CC      drivers/tee/optee/supp.o
  CC      drivers/interconnect/imx/imx8mp.o
  CC      drivers/interconnect/qcom/bcm-voter.o
  CC      drivers/nvmem/rockchip-otp.o
  AR      drivers/interconnect/imx/built-in.a
  CC      drivers/tee/optee/device.o
  CC      drivers/hte/hte.o
  CC      drivers/nvmem/snvs_lpgpr.o
  CC      drivers/interconnect/qcom/msm8996.o
  CC      drivers/hte/hte-tegra194.o
  CC      drivers/tee/optee/smc_abi.o
  CC      drivers/nvmem/sunxi_sid.o
  CC      drivers/interconnect/qcom/qcm2290.o
  AR      drivers/hte/built-in.a
  CC      drivers/tee/tee_shm.o
  CC      drivers/tee/optee/ffa_abi.o
/tmp/gmac_patch_build_20260618_143722/src/drivers/nvmem/sunxi_sid.c:42:5: warning: no previous prototype for ‘sunxi_get_soc_chipid’ [-Wmissing-prototypes]
   42 | int sunxi_get_soc_chipid(unsigned char *chipid)
      |     ^~~~~~~~~~~~~~~~~~~~
/tmp/gmac_patch_build_20260618_143722/src/drivers/nvmem/sunxi_sid.c:50:5: warning: no previous prototype for ‘sunxi_get_serial’ [-Wmissing-prototypes]
   50 | int sunxi_get_serial(unsigned       char *serial)
      |     ^~~~~~~~~~~~~~~~
  CC      drivers/interconnect/qcom/qcs615.o
  CC      drivers/nvmem/uniphier-efuse.o
  CC      drivers/interconnect/core.o
  AR      drivers/tee/optee/built-in.a
  CC      drivers/tee/tee_shm_pool.o
  AR      drivers/nvmem/built-in.a
  CC      drivers/interconnect/qcom/qcs8300.o
  CC      drivers/interconnect/bulk.o
  AR      drivers/tee/built-in.a
  CC      drivers/interconnect/qcom/qdu1000.o
  CC      drivers/interconnect/qcom/icc-rpmh.o
  CC      drivers/interconnect/qcom/sa8775p.o
  CC      drivers/interconnect/debugfs-client.o
  CC      drivers/interconnect/icc-clk.o
  CC      drivers/interconnect/qcom/sc7180.o
  CC      drivers/interconnect/qcom/sc7280.o
  CC      drivers/interconnect/qcom/sc8180x.o
  CC      drivers/interconnect/qcom/sc8280xp.o
  CC      drivers/interconnect/qcom/sdm845.o
  CC      drivers/interconnect/qcom/sdx75.o
  CC      drivers/interconnect/qcom/sm6115.o
  CC      drivers/interconnect/qcom/sm8150.o
  CC      drivers/interconnect/qcom/sm8250.o
  CC      drivers/interconnect/qcom/sm8350.o
  CC      drivers/gpio/gpiolib-of.o
  CC      drivers/interconnect/qcom/sm8450.o
  CC      drivers/interconnect/qcom/sm8550.o
  CC      drivers/interconnect/qcom/sm8650.o
  CC      drivers/interconnect/qcom/sm8750.o
  AR      drivers/gpio/built-in.a
  CC      drivers/interconnect/qcom/x1e80100.o
  CC      drivers/interconnect/qcom/smd-rpm.o
  CC      drivers/interconnect/qcom/icc-rpm.o
  CC      drivers/interconnect/qcom/icc-rpm-clocks.o
  AR      drivers/interconnect/qcom/built-in.a
  AR      drivers/interconnect/built-in.a
  AR      drivers/built-in.a
  AR      built-in.a
  AR      vmlinux.a
  LD      vmlinux.o
  MODPOST vmlinux.symvers
  CC      .vmlinux.export.o
  UPD     include/generated/utsversion.h
  CC      init/version-timestamp.o
  KSYMS   .tmp_vmlinux0.kallsyms.S
  AS      .tmp_vmlinux0.kallsyms.o
  LD      .tmp_vmlinux1
  NM      .tmp_vmlinux1.syms
  KSYMS   .tmp_vmlinux1.kallsyms.S
  AS      .tmp_vmlinux1.kallsyms.o
  LD      .tmp_vmlinux2
  NM      .tmp_vmlinux2.syms
  KSYMS   .tmp_vmlinux2.kallsyms.S
  AS      .tmp_vmlinux2.kallsyms.o
  LD      vmlinux.unstripped
  NM      System.map
  SORTTAB vmlinux.unstripped
  OBJCOPY vmlinux
  GEN     modules.builtin.modinfo
  GEN     modules.builtin
  OBJCOPY arch/arm64/boot/Image
make[1]: 离开目录“/tmp/gmac_patch_build_20260618_143722/out_full”
make: Leaving directory '/tmp/gmac_patch_build_20260618_143722/src'
