=== build start 2026年 06月 20日 星期六 10:31:58 CST ===
make: 进入目录“/tmp/gmac_patch_build_20260618_143722/out_full”
make[1]: 进入目录“/tmp/rtl8821cs_build_20260620_102054”
  CC [M]  core/rtw_cmd.o
  CC [M]  core/rtw_security.o
  CC [M]  core/rtw_debug.o
  CC [M]  core/rtw_io.o
In file included from ././include/drv_types.h:114,
                 from core/rtw_cmd.c:17:
././include/rtw_mlme_ext.h:1210:4: warning: no previous prototype for ‘rtw_mesh_set_plink_state_cmd_hdl’ [-Wmissing-prototypes]
 1210 | u8 rtw_mesh_set_plink_state_cmd_hdl(_adapter *adapter, u8 *parmbuf) { return H2C_CMD_FAIL; };
      |    ^~~~~~~~~~~~~~~~~~~~~~~~~~~~~~~~
core/rtw_cmd.c:1696:6: warning: no previous prototype for ‘free_assoc_resources_hdl’ [-Wmissing-prototypes]
 1696 | void free_assoc_resources_hdl(_adapter *padapter, u8 lock_scanned_queue)
      |      ^~~~~~~~~~~~~~~~~~~~~~~~
core/rtw_cmd.c:2360:4: warning: no previous prototype for ‘rtw_ssmps_wk_hdl’ [-Wmissing-prototypes]
 2360 | u8 rtw_ssmps_wk_hdl(_adapter *adapter, struct ssmps_cmd_parm *ssmp_param)
      |    ^~~~~~~~~~~~~~~~
core/rtw_cmd.c:2718:4: warning: no previous prototype for ‘_lps_chk_by_tp’ [-Wmissing-prototypes]
 2718 | u8 _lps_chk_by_tp(_adapter *adapter, u8 from_timer)
      |    ^~~~~~~~~~~~~~
core/rtw_cmd.c:3140:6: warning: no previous prototype for ‘rtw_dynamic_chk_wk_hdl’ [-Wmissing-prototypes]
 3140 | void rtw_dynamic_chk_wk_hdl(_adapter *padapter)
      |      ^~~~~~~~~~~~~~~~~~~~~~
core/rtw_cmd.c:3197:6: warning: no previous prototype for ‘lps_ctrl_wk_hdl’ [-Wmissing-prototypes]
 3197 | void lps_ctrl_wk_hdl(_adapter *padapter, u8 lps_ctrl_type, u8 *buf)
      |      ^~~~~~~~~~~~~~~
core/rtw_cmd.c:3376:6: warning: no previous prototype for ‘rtw_dm_in_lps_hdl’ [-Wmissing-prototypes]
 3376 | void rtw_dm_in_lps_hdl(_adapter *padapter)
      |      ^~~~~~~~~~~~~~~~~
core/rtw_cmd.c:3417:6: warning: no previous prototype for ‘rtw_lps_change_dtim_hdl’ [-Wmissing-prototypes]
 3417 | void rtw_lps_change_dtim_hdl(_adapter *padapter, u8 dtim)
      |      ^~~~~~~~~~~~~~~~~~~~~~~
core/rtw_cmd.c:3596:6: warning: no previous prototype for ‘rtw_dm_ra_mask_hdl’ [-Wmissing-prototypes]
 3596 | void rtw_dm_ra_mask_hdl(_adapter *padapter, struct sta_info *psta)
      |      ^~~~~~~~~~~~~~~~~~
core/rtw_cmd.c:3638:6: warning: no previous prototype for ‘power_saving_wk_hdl’ [-Wmissing-prototypes]
 3638 | void power_saving_wk_hdl(_adapter *padapter)
      |      ^~~~~~~~~~~~~~~~~~~
core/rtw_cmd.c:3644:6: warning: no previous prototype for ‘reset_securitypriv_hdl’ [-Wmissing-prototypes]
 3644 | void reset_securitypriv_hdl(_adapter *padapter)
      |      ^~~~~~~~~~~~~~~~~~~~~~
core/rtw_cmd.c:4096:4: warning: no previous prototype for ‘rtw_dfs_rd_hdl’ [-Wmissing-prototypes]
 4096 | u8 rtw_dfs_rd_hdl(_adapter *adapter)
      |    ^~~~~~~~~~~~~~
core/rtw_cmd.c:4501:6: warning: no previous prototype for ‘btinfo_evt_dump’ [-Wmissing-prototypes]
 4501 | void btinfo_evt_dump(void *sel, void *buf)
      |      ^~~~~~~~~~~~~~~
core/rtw_cmd.c:4975:4: warning: no previous prototype for ‘rtw_c2h_wk_cmd’ [-Wmissing-prototypes]
 4975 | u8 rtw_c2h_wk_cmd(PADAPTER padapter, u8 *pbuf, u16 length, u8 type)
      |    ^~~~~~~~~~~~~~
core/rtw_cmd.c:5115:4: warning: no previous prototype for ‘session_tracker_cmd’ [-Wmissing-prototypes]
 5115 | u8 session_tracker_cmd(_adapter *adapter, u8 cmd, struct sta_info *sta, u8 *local_naddr, u8 *local_port, u8 *remote_naddr, u8 *remote_port)
      |    ^~~~~~~~~~~~~~~~~~~
core/rtw_cmd.c:5181:6: warning: no previous prototype for ‘session_tracker_chk_for_sta’ [-Wmissing-prototypes]
 5181 | void session_tracker_chk_for_sta(_adapter *adapter, struct sta_info *sta)
      |      ^~~~~~~~~~~~~~~~~~~~~~~~~~~
core/rtw_cmd.c:5263:6: warning: no previous prototype for ‘session_tracker_chk_for_adapter’ [-Wmissing-prototypes]
 5263 | void session_tracker_chk_for_adapter(_adapter *adapter)
      |      ^~~~~~~~~~~~~~~~~~~~~~~~~~~~~~~
core/rtw_cmd.c:5295:6: warning: no previous prototype for ‘session_tracker_cmd_hdl’ [-Wmissing-prototypes]
 5295 | void session_tracker_cmd_hdl(_adapter *adapter, struct st_cmd_parm *parm)
      |      ^~~~~~~~~~~~~~~~~~~~~~~
core/rtw_cmd.c:5457:6: warning: no previous prototype for ‘rtw_ac_parm_cmd_hdl’ [-Wmissing-prototypes]
 5457 | void rtw_ac_parm_cmd_hdl(_adapter *padapter, u8 *_ac_parm_buf, int ac_type)
      |      ^~~~~~~~~~~~~~~~~~~
core/rtw_cmd.c:5817:6: warning: no previous prototype for ‘rtw_getrttbl_cmd_cmdrsp_callback’ [-Wmissing-prototypes]
 5817 | void rtw_getrttbl_cmd_cmdrsp_callback(_adapter  *padapter,  struct cmd_obj *pcmd)
      |      ^~~~~~~~~~~~~~~~~~~~~~~~~~~~~~~~
  CC [M]  core/rtw_ioctl_query.o
  CC [M]  core/rtw_ioctl_set.o
  CC [M]  core/rtw_ieee80211.o
  CC [M]  core/rtw_mlme.o
  CC [M]  core/rtw_mlme_ext.o
  CC [M]  core/rtw_mi.o
core/rtw_ieee80211.c:553:6: warning: no previous prototype for ‘rtw_filter_suppport_rateie’ [-Wmissing-prototypes]
  553 | void rtw_filter_suppport_rateie(WLAN_BSSID_EX *pbss_network, u8 keep)
      |      ^~~~~~~~~~~~~~~~~~~~~~~~~~
core/rtw_ieee80211.c:830:5: warning: no previous prototype for ‘rtw_get_akm_suite_bitmap’ [-Wmissing-prototypes]
  830 | u32 rtw_get_akm_suite_bitmap(u8 *s)
      |     ^~~~~~~~~~~~~~~~~~~~~~~~
core/rtw_ieee80211.c:1990:6: warning: no previous prototype for ‘dump_ht_cap_ie’ [-Wmissing-prototypes]
 1990 | void dump_ht_cap_ie(void *sel, const u8 *ie, u32 ie_len)
      |      ^~~~~~~~~~~~~~
core/rtw_ieee80211.c:2009:6: warning: no previous prototype for ‘dump_ht_op_ie_content’ [-Wmissing-prototypes]
 2009 | void dump_ht_op_ie_content(void *sel, const u8 *buf, u32 buf_len)
      |      ^~~~~~~~~~~~~~~~~~~~~
core/rtw_ieee80211.c:2023:6: warning: no previous prototype for ‘dump_ht_op_ie’ [-Wmissing-prototypes]
 2023 | void dump_ht_op_ie(void *sel, const u8 *ie, u32 ie_len)
      |      ^~~~~~~~~~~~~
core/rtw_mlme.c:26:6: warning: no previous prototype for ‘rtw_init_mlme_timer’ [-Wmissing-prototypes]
   26 | void rtw_init_mlme_timer(_adapter *padapter)
      |      ^~~~~~~~~~~~~~~~~~~
core/rtw_mlme.c:43:9: warning: no previous prototype for ‘_rtw_init_mlme_priv’ [-Wmissing-prototypes]
   43 | sint    _rtw_init_mlme_priv(_adapter *padapter)
      |         ^~~~~~~~~~~~~~~~~~~
core/rtw_mlme.c:336:6: warning: no previous prototype for ‘_rtw_free_mlme_priv’ [-Wmissing-prototypes]
  336 | void _rtw_free_mlme_priv(struct mlme_priv *pmlmepriv)
      |      ^~~~~~~~~~~~~~~~~~~
core/rtw_mlme.c:364:9: warning: no previous prototype for ‘_rtw_enqueue_network’ [-Wmissing-prototypes]
  364 | sint    _rtw_enqueue_network(_queue *queue, struct wlan_network *pnetwork)
      |         ^~~~~~~~~~~~~~~~~~~~
core/rtw_mlme.c:2176:6: warning: no previous prototype for ‘rtw_reset_rx_info’ [-Wmissing-prototypes]
 2176 | void rtw_reset_rx_info(_adapter *adapter)
      |      ^~~~~~~~~~~~~~~~~
  CC [M]  core/rtw_wlan_util.o
core/rtw_mi.c:891:4: warning: no previous prototype for ‘_rtw_mi_busy_traffic_check’ [-Wmissing-prototypes]
  891 | u8 _rtw_mi_busy_traffic_check(_adapter *padapter, void *data)
      |    ^~~~~~~~~~~~~~~~~~~~~~~~~~
core/rtw_mi.c:1334:6: warning: no previous prototype for ‘rtw_dbg_skb_process’ [-Wmissing-prototypes]
 1334 | void rtw_dbg_skb_process(_adapter *padapter, union recv_frame *precvframe, union recv_frame *pcloneframe)
      |      ^~~~~~~~~~~~~~~~~~~
core/rtw_mlme_ext.c:873:5: warning: no previous prototype for ‘rtw_chset_get_ch_non_ocp_ms’ [-Wmissing-prototypes]
  873 | u32 rtw_chset_get_ch_non_ocp_ms(RT_CHANNEL_INFO *ch_set, u8 ch, u8 bw, u8 offset)
      |     ^~~~~~~~~~~~~~~~~~~~~~~~~~~
core/rtw_mlme_ext.c:1774:6: warning: no previous prototype for ‘init_mlme_ext_timer’ [-Wmissing-prototypes]
 1774 | void init_mlme_ext_timer(_adapter *padapter)
      |      ^~~~~~~~~~~~~~~~~~~
core/rtw_mlme_ext.c:2059:5: warning: no previous prototype for ‘p2p_listen_state_process’ [-Wmissing-prototypes]
 2059 | u32 p2p_listen_state_process(_adapter *padapter, unsigned char *da)
      |     ^~~~~~~~~~~~~~~~~~~~~~~~
core/rtw_mlme_ext.c: In function ‘OnAuth’:
core/rtw_mlme_ext.c:2950:41: warning: suggest braces around empty body in an ‘if’ statement [-Wempty-body]
 2950 |                                         ;/* TODO: STA re_auth within expire_to */
      |                                         ^
core/rtw_mlme_ext.c:2955:33: warning: suggest braces around empty body in an ‘if’ statement [-Wempty-body]
 2955 |                                 ; /* TODO: STA re_auth and auth timeout */
      |                                 ^
core/rtw_mlme_ext.c: At top level:
core/rtw_mlme_ext.c:3928:14: warning: no previous prototype for ‘on_action_spct_ch_switch’ [-Wmissing-prototypes]
 3928 | unsigned int on_action_spct_ch_switch(_adapter *padapter, struct sta_info *psta, u8 *ies, uint ies_len)
      |              ^~~~~~~~~~~~~~~~~~~~~~~~
core/rtw_mlme_ext.c:5008:6: warning: no previous prototype for ‘issue_p2p_GO_response’ [-Wmissing-prototypes]
 5008 | void issue_p2p_GO_response(_adapter *padapter, u8 *raddr, u8 *frame_body, uint len, u8 result)
      |      ^~~~~~~~~~~~~~~~~~~~~
core/rtw_mlme_ext.c:5426:6: warning: no previous prototype for ‘issue_p2p_GO_confirm’ [-Wmissing-prototypes]
 5426 | void issue_p2p_GO_confirm(_adapter *padapter, u8 *raddr, u8 result)
      |      ^~~~~~~~~~~~~~~~~~~~
core/rtw_mlme_ext.c:6304:4: warning: no previous prototype for ‘is_matched_in_profilelist’ [-Wmissing-prototypes]
 6304 | u8 is_matched_in_profilelist(u8 *peermacaddr, struct profile_info *profileinfo)
      |    ^~~~~~~~~~~~~~~~~~~~~~~~~
core/rtw_mlme_ext.c:6620:5: warning: no previous prototype for ‘_issue_probereq_p2p’ [-Wmissing-prototypes]
 6620 | int _issue_probereq_p2p(_adapter *padapter, u8 *da, int wait_ack)
      |     ^~~~~~~~~~~~~~~~~~~
core/rtw_mlme_ext.c:6997:5: warning: no previous prototype for ‘rtw_action_public_decache’ [-Wmissing-prototypes]
 6997 | s32 rtw_action_public_decache(union recv_frame *rframe, u8 token_offset)
      |     ^~~~~~~~~~~~~~~~~~~~~~~~~
core/rtw_mlme_ext.c:7022:14: warning: no previous prototype for ‘on_action_public_p2p’ [-Wmissing-prototypes]
 7022 | unsigned int on_action_public_p2p(union recv_frame *precv_frame)
      |              ^~~~~~~~~~~~~~~~~~~~
core/rtw_mlme_ext.c:7381:14: warning: no previous prototype for ‘on_action_public_vendor’ [-Wmissing-prototypes]
 7381 | unsigned int on_action_public_vendor(union recv_frame *precv_frame)
      |              ^~~~~~~~~~~~~~~~~~~~~~~
core/rtw_mlme_ext.c:7411:14: warning: no previous prototype for ‘on_action_public_default’ [-Wmissing-prototypes]
 7411 | unsigned int on_action_public_default(union recv_frame *precv_frame, u8 action)
      |              ^~~~~~~~~~~~~~~~~~~~~~~~
core/rtw_mlme_ext.c:7949:20: warning: no previous prototype for ‘_alloc_mgtxmitframe’ [-Wmissing-prototypes]
 7949 | struct xmit_frame *_alloc_mgtxmitframe(struct xmit_priv *pxmitpriv, bool once)
      |                    ^~~~~~~~~~~~~~~~~~~
core/rtw_mlme_ext.c:8285:5: warning: no previous prototype for ‘update_hidden_ssid’ [-Wmissing-prototypes]
 8285 | int update_hidden_ssid(u8 *ies, u32 ies_len, u8 hidden_ssid_mode)
      |     ^~~~~~~~~~~~~~~~~~
core/rtw_mlme_ext.c:8917:5: warning: no previous prototype for ‘_issue_probereq’ [-Wmissing-prototypes]
 8917 | int _issue_probereq(_adapter *padapter, const NDIS_802_11_SSID *pssid, const u8 *da, u8 ch, bool append_wps, int wait_ack)
      |     ^~~~~~~~~~~~~~~
core/rtw_mlme_ext.c:11149:5: warning: no previous prototype for ‘_issue_action_SM_PS’ [-Wmissing-prototypes]
11149 | int _issue_action_SM_PS(_adapter *padapter ,  unsigned char *raddr , u8 NewMimoPsMode ,  u8 wait_ack)
      |     ^~~~~~~~~~~~~~~~~~~
  CC [M]  core/rtw_vht.o
core/rtw_mlme_ext.c:13034:6: warning: no previous prototype for ‘rtw_delba_check’ [-Wmissing-prototypes]
13034 | void rtw_delba_check(_adapter *padapter, struct sta_info *psta, u8 from_timer)
      |      ^~~~~~~~~~~~~~~
core/rtw_mlme_ext.c:13073:4: warning: no previous prototype for ‘chk_ap_is_alive’ [-Wmissing-prototypes]
13073 | u8 chk_ap_is_alive(_adapter *padapter, struct sta_info *psta)
      |    ^~~~~~~~~~~~~~~
core/rtw_mlme_ext.c:13113:4: warning: no previous prototype for ‘chk_adhoc_peer_is_alive’ [-Wmissing-prototypes]
13113 | u8 chk_adhoc_peer_is_alive(struct sta_info *psta)
      |    ^~~~~~~~~~~~~~~~~~~~~~~
core/rtw_mlme_ext.c:13747:6: warning: no previous prototype for ‘report_sta_timeout_event’ [-Wmissing-prototypes]
13747 | void report_sta_timeout_event(_adapter *padapter, u8 *MacAddr, unsigned short reason)
      |      ^~~~~~~~~~~~~~~~~~~~~~~~
core/rtw_mlme_ext.c:13804:6: warning: no previous prototype for ‘clnt_sa_query_timeout’ [-Wmissing-prototypes]
13804 | void clnt_sa_query_timeout(_adapter *padapter)
      |      ^~~~~~~~~~~~~~~~~~~~~
core/rtw_mlme_ext.c:14455:4: warning: no previous prototype for ‘rtw_scan_sparse’ [-Wmissing-prototypes]
14455 | u8 rtw_scan_sparse(_adapter *adapter, struct rtw_ieee80211_channel *ch, u8 ch_num)
      |    ^~~~~~~~~~~~~~~
core/rtw_mlme_ext.c:14537:4: warning: no previous prototype for ‘rtw_scan_backop_decision’ [-Wmissing-prototypes]
14537 | u8 rtw_scan_backop_decision(_adapter *adapter)
      |    ^~~~~~~~~~~~~~~~~~~~~~~~
core/rtw_mlme_ext.c:14964:6: warning: no previous prototype for ‘survey_done_set_ch_bw’ [-Wmissing-prototypes]
14964 | void survey_done_set_ch_bw(_adapter *padapter)
      |      ^~~~~~~~~~~~~~~~~~~~~
  CC [M]  core/rtw_pwrctrl.o
core/rtw_mlme_ext.c:15034:4: warning: no previous prototype for ‘rtw_ps_annc’ [-Wmissing-prototypes]
15034 | u8 rtw_ps_annc(_adapter *adapter, bool ps)
      |    ^~~~~~~~~~~
core/rtw_mlme_ext.c:15123:6: warning: no previous prototype for ‘sitesurvey_set_igi’ [-Wmissing-prototypes]
15123 | void sitesurvey_set_igi(_adapter *adapter)
      |      ^~~~~~~~~~~~~~~~~~
core/rtw_mlme_ext.c:15183:6: warning: no previous prototype for ‘sitesurvey_set_msr’ [-Wmissing-prototypes]
15183 | void sitesurvey_set_msr(_adapter *adapter, bool enter)
      |      ^~~~~~~~~~~~~~~~~~
core/rtw_mlme_ext.c: In function ‘rtw_txpwr_init_regd’:
core/rtw_mlme_ext.c:287:21: warning: ‘strcmp’ reading 1 or more bytes from a region of size 0 [-Wstringop-overread]
  287 |                 if (strcmp(exc->lmt_name, txpwr_lmt_str(TXPWR_LMT_NONE)) == 0)
      |                     ^~~~~~~~~~~~~~~~~~~~~~~~~~~~~~~~~~~~~~~~~~~~~~~~~~~~
In file included from ././include/drv_types.h:62,
                 from core/rtw_mlme_ext.c:17:
././include/rtw_rf.h:270:14: note: source object ‘lmt_name’ of size 0
  270 |         char lmt_name[0];
      |              ^~~~~~~~
core/rtw_mlme_ext.c:289:26: warning: ‘strcmp’ reading 1 or more bytes from a region of size 0 [-Wstringop-overread]
  289 |                 else if (strcmp(exc->lmt_name, txpwr_lmt_str(TXPWR_LMT_WW)) == 0)
      |                          ^~~~~~~~~~~~~~~~~~~~~~~~~~~~~~~~~~~~~~~~~~~~~~~~~~
././include/rtw_rf.h:270:14: note: source object ‘lmt_name’ of size 0
  270 |         char lmt_name[0];
      |              ^~~~~~~~
core/rtw_wlan_util.c:939:6: warning: no previous prototype for ‘_rtw_sec_camid_is_used’ [-Wmissing-prototypes]
  939 | bool _rtw_sec_camid_is_used(struct cam_ctl_t *cam_ctl, u8 id)
      |      ^~~~~~~~~~~~~~~~~~~~~~
core/rtw_wlan_util.c:1027:6: warning: no previous prototype for ‘cam_cache_chk’ [-Wmissing-prototypes]
 1027 | bool cam_cache_chk(_adapter *adapter, u8 id, u8 *addr, s16 kid, s8 gk)
      |      ^~~~~~~~~~~~~
core/rtw_wlan_util.c:1045:5: warning: no previous prototype for ‘_rtw_camid_search’ [-Wmissing-prototypes]
 1045 | s16 _rtw_camid_search(_adapter *adapter, u8 *addr, s16 kid, s8 gk)
      |     ^~~~~~~~~~~~~~~~~
core/rtw_wlan_util.c:1085:5: warning: no previous prototype for ‘rtw_get_camid’ [-Wmissing-prototypes]
 1085 | s16 rtw_get_camid(_adapter *adapter, u8 *addr, s16 kid, u8 gk, bool ext_sec)
      |     ^~~~~~~~~~~~~
core/rtw_wlan_util.c:1215:6: warning: no previous prototype for ‘rtw_camid_set’ [-Wmissing-prototypes]
 1215 | void rtw_camid_set(_adapter *adapter, u8 cam_id)
      |      ^~~~~~~~~~~~~
core/rtw_wlan_util.c:1296:5: warning: no previous prototype for ‘rtw_get_empty_cam_entry’ [-Wmissing-prototypes]
 1296 | s16 rtw_get_empty_cam_entry(_adapter *adapter, u8 start_camid)
      |     ^~~~~~~~~~~~~~~~~~~~~~~
core/rtw_wlan_util.c:2186:5: warning: no previous prototype for ‘check_ielen’ [-Wmissing-prototypes]
 2186 | int check_ielen(u8 *start, uint len)
      |     ^~~~~~~~~~~
core/rtw_wlan_util.c:2411:5: warning: no previous prototype for ‘_rtw_get_bcn_keys’ [-Wmissing-prototypes]
 2411 | int _rtw_get_bcn_keys(u8 *cap_info, u32 buf_len, u8 def_ch, ADAPTER *adapter
      |     ^~~~~~~~~~~~~~~~~
core/rtw_wlan_util.c:5792:6: warning: no previous prototype for ‘rtw_dbg_rx_iperf_udp_data_chk’ [-Wmissing-prototypes]
 5792 | void rtw_dbg_rx_iperf_udp_data_chk(_adapter *padapter, u8 *pdata)
      |      ^~~~~~~~~~~~~~~~~~~~~~~~~~~~~
core/rtw_vht.c:43:6: warning: no previous prototype for ‘dump_vht_cap_ie_content’ [-Wmissing-prototypes]
   43 | void dump_vht_cap_ie_content(void *sel, const u8 *buf, u32 buf_len)
      |      ^~~~~~~~~~~~~~~~~~~~~~~
core/rtw_vht.c:83:6: warning: no previous prototype for ‘dump_vht_op_ie_content’ [-Wmissing-prototypes]
   83 | void dump_vht_op_ie_content(void *sel, const u8 *buf, u32 buf_len)
      |      ^~~~~~~~~~~~~~~~~~~~~~
core/rtw_vht.c: In function ‘rtw_reattach_vht_ies’:
core/rtw_vht.c:1269:27: warning: the comparison will always evaluate as ‘true’ for the address of ‘IEs’ will never be NULL [-Waddress]
 1269 |         if (pnetwork->IEs != NULL) {
      |                           ^~
In file included from ././include/drv_types.h:29,
                 from core/rtw_vht.c:17:
././include/wlan_bssdef.h:244:13: note: ‘IEs’ declared here
  244 |         u8  IEs[MAX_IE_SZ];     /* (timestamp, beacon interval, and capability information) */
      |             ^~~
core/rtw_pwrctrl.c:200:6: warning: no previous prototype for ‘rtw_pwr_unassociated_idle’ [-Wmissing-prototypes]
  200 | bool rtw_pwr_unassociated_idle(_adapter *adapter)
      |      ^~~~~~~~~~~~~~~~~~~~~~~~~
core/rtw_pwrctrl.c:352:6: warning: no previous prototype for ‘pwr_state_check_handler’ [-Wmissing-prototypes]
  352 | void pwr_state_check_handler(void *ctx)
      |      ^~~~~~~~~~~~~~~~~~~~~~~
core/rtw_pwrctrl.c:478:4: warning: no previous prototype for ‘rtw_cpwm_polling’ [-Wmissing-prototypes]
  478 | u8 rtw_cpwm_polling(_adapter *adapter, u8 rpwm, u8 cpwm_orig)
      |    ^~~~~~~~~~~~~~~~
core/rtw_pwrctrl.c:642:4: warning: no previous prototype for ‘PS_RDY_CHECK’ [-Wmissing-prototypes]
  642 | u8 PS_RDY_CHECK(_adapter *padapter)
      |    ^~~~~~~~~~~~
  CC [M]  core/rtw_rf.o
  CC [M]  core/rtw_chplan.o
  CC [M]  core/monitor/rtw_radiotap.o
  CC [M]  core/rtw_recv.o
  CC [M]  core/rtw_sta_mgt.o
core/rtw_rf.c:1733:6: warning: no previous prototype for ‘_dump_regd_exc_list’ [-Wmissing-prototypes]
 1733 | void _dump_regd_exc_list(void *sel, struct rf_ctl_t *rfctl)
      |      ^~~~~~~~~~~~~~~~~~~
core/rtw_rf.c:2337:4: warning: no previous prototype for ‘rtw_rf_get_kfree_tx_gain_offset’ [-Wmissing-prototypes]
 2337 | s8 rtw_rf_get_kfree_tx_gain_offset(_adapter *padapter, u8 path, u8 ch)
      |    ^~~~~~~~~~~~~~~~~~~~~~~~~~~~~~~
core/rtw_recv.c:885:6: warning: no previous prototype for ‘recv_decache’ [-Wmissing-prototypes]
  885 | sint recv_decache(union recv_frame *precv_frame)
      |      ^~~~~~~~~~~~
core/rtw_recv.c:1297:5: warning: no previous prototype for ‘rtw_sta_rx_data_validate_hdr’ [-Wmissing-prototypes]
 1297 | int rtw_sta_rx_data_validate_hdr(_adapter *adapter, union recv_frame *rframe, struct sta_info **sta)
      |     ^~~~~~~~~~~~~~~~~~~~~~~~~~~~
core/rtw_recv.c:1429:5: warning: no previous prototype for ‘rtw_sta_rx_amsdu_act_check’ [-Wmissing-prototypes]
 1429 | int rtw_sta_rx_amsdu_act_check(union recv_frame *rframe
      |     ^~~~~~~~~~~~~~~~~~~~~~~~~~
core/rtw_recv.c:1448:6: warning: no previous prototype for ‘sta2sta_data_frame’ [-Wmissing-prototypes]
 1448 | sint sta2sta_data_frame(
      |      ^~~~~~~~~~~~~~~~~~
core/rtw_recv.c:1514:6: warning: no previous prototype for ‘ap2sta_data_frame’ [-Wmissing-prototypes]
 1514 | sint ap2sta_data_frame(
      |      ^~~~~~~~~~~~~~~~~
core/rtw_recv.c:1578:6: warning: no previous prototype for ‘sta2ap_data_frame’ [-Wmissing-prototypes]
 1578 | sint sta2ap_data_frame(
      |      ^~~~~~~~~~~~~~~~~
core/rtw_recv.c:2078:6: warning: no previous prototype for ‘validate_recv_mgnt_frame’ [-Wmissing-prototypes]
 2078 | sint validate_recv_mgnt_frame(PADAPTER padapter, union recv_frame *precv_frame)
      |      ^~~~~~~~~~~~~~~~~~~~~~~~
core/rtw_recv.c:2122:6: warning: no previous prototype for ‘validate_recv_data_frame’ [-Wmissing-prototypes]
 2122 | sint validate_recv_data_frame(_adapter *adapter, union recv_frame *precv_frame)
      |      ^~~~~~~~~~~~~~~~~~~~~~~~
core/rtw_recv.c: In function ‘validate_recv_frame’:
core/rtw_recv.c:2547:79: warning: suggest braces around empty body in an ‘else’ statement [-Wempty-body]
 2547 |                         DBG_COUNTER(adapter->rx_logs.core_rx_pre_data_handled);
      |                                                                               ^
core/rtw_recv.c: At top level:
core/rtw_recv.c:2566:21: warning: no previous prototype for ‘rtw_recv_llc_parse’ [-Wmissing-prototypes]
 2566 | enum rtw_rx_llc_hdl rtw_recv_llc_parse(u8 *msdu, u16 msdu_len)
      |                     ^~~~~~~~~~~~~~~~~~
core/rtw_recv.c:2589:6: warning: no previous prototype for ‘wlanhdr_to_ethhdr’ [-Wmissing-prototypes]
 2589 | sint wlanhdr_to_ethhdr(union recv_frame *precvframe, enum rtw_rx_llc_hdl llc_hdl)
      |      ^~~~~~~~~~~~~~~~~
core/rtw_recv.c:3145:5: warning: no previous prototype for ‘amsdu_to_msdu’ [-Wmissing-prototypes]
 3145 | int amsdu_to_msdu(_adapter *padapter, union recv_frame *prframe)
      |     ^~~~~~~~~~~~~
core/rtw_recv.c:3856:5: warning: no previous prototype for ‘validate_mp_recv_frame’ [-Wmissing-prototypes]
 3856 | int validate_mp_recv_frame(_adapter *adapter, union recv_frame *precv_frame)
      |     ^~~~~~~~~~~~~~~~~~~~~~
core/rtw_recv.c: In function ‘validate_mp_recv_frame’:
core/rtw_recv.c:3898:25: warning: this ‘for’ clause does not guard... [-Wmisleading-indentation]
 3898 |                         for (i = 0; i < precv_frame->u.hdr.len; i = i + 8)
      |                         ^~~
In file included from ././include/drv_types.h:60,
                 from core/rtw_recv.c:17:
././include/rtw_debug.h:167:9: note: ...this statement, but the latter is misleadingly indented as if it were guarded by the ‘for’
  167 |         do {\
      |         ^~
core/rtw_recv.c:3901:33: note: in expansion of macro ‘RTW_INFO’
 3901 |                                 RTW_INFO("#############################\n");
      |                                 ^~~~~~~~
core/rtw_recv.c: At top level:
core/rtw_recv.c:3991:5: warning: no previous prototype for ‘mp_recv_frame’ [-Wmissing-prototypes]
 3991 | int mp_recv_frame(_adapter *padapter, union recv_frame *rframe)
      |     ^~~~~~~~~~~~~
core/rtw_recv.c:4120:5: warning: no previous prototype for ‘recv_frame_monitor’ [-Wmissing-prototypes]
 4120 | int recv_frame_monitor(_adapter *padapter, union recv_frame *rframe)
      |     ^~~~~~~~~~~~~~~~~~
core/rtw_recv.c:4169:5: warning: no previous prototype for ‘recv_func_prehandle’ [-Wmissing-prototypes]
 4169 | int recv_func_prehandle(_adapter *padapter, union recv_frame *rframe)
      |     ^~~~~~~~~~~~~~~~~~~
core/rtw_recv.c:4206:5: warning: no previous prototype for ‘recv_func_posthandle’ [-Wmissing-prototypes]
 4206 | int recv_func_posthandle(_adapter *padapter, union recv_frame *prframe)
      |     ^~~~~~~~~~~~~~~~~~~~
core/rtw_recv.c:4314:5: warning: no previous prototype for ‘recv_func’ [-Wmissing-prototypes]
 4314 | int recv_func(_adapter *padapter, union recv_frame *rframe)
      |     ^~~~~~~~~
  CC [M]  core/rtw_ap.o
core/rtw_recv.c:4640:6: warning: no previous prototype for ‘rx_process_phy_info’ [-Wmissing-prototypes]
 4640 | void rx_process_phy_info(_adapter *padapter, union recv_frame *rframe)
      |      ^~~~~~~~~~~~~~~~~~~
In file included from ././include/drv_types.h:27,
                 from core/rtw_rf.c:17:
core/rtw_rf.c: In function ‘rtw_regd_exc_list_free’:
core/rtw_rf.c:1882:68: warning: ‘strlen’ reading 1 or more bytes from a region of size 0 [-Wstringop-overread]
 1882 |                 rtw_mfree((u8 *)ent, sizeof(struct regd_exc_ent) + strlen(ent->lmt_name) + 1);
      |                                                                    ^~~~~~~~~~~~~~~~~~~~~
././include/osdep_service.h:207:64: note: in definition of macro ‘rtw_mfree’
  207 | #define rtw_mfree(pbuf, sz)             dbg_rtw_mfree((pbuf), (sz), MSTAT_TYPE_PHY, __FUNCTION__, __LINE__)
      |                                                                ^~
In file included from ././include/drv_types.h:62:
././include/rtw_rf.h:270:14: note: source object ‘lmt_name’ of size 0
  270 |         char lmt_name[0];
      |              ^~~~~~~~
core/rtw_rf.c: In function ‘dump_txpwr_lmt’:
core/rtw_rf.c:2030:76: warning: ‘strlen’ reading 1 or more bytes from a region of size 0 [-Wstringop-overread]
 2030 |                                                 sprintf(fmt, "%%%zus%%s ", strlen(ent->name) >= 6 ? 1 : 6 - strlen(ent->name));
      |                                                                            ^~~~~~~~~~~~~~~~~
In file included from core/rtw_rf.c:18:
././include/hal_data.h:345:14: note: source object ‘name’ of size 0
  345 |         char name[0];
      |              ^~~~
core/rtw_rf.c:2083:57: warning: ‘strlen’ reading 1 or more bytes from a region of size 0 [-Wstringop-overread]
 2083 |                                                         txpwr_idx_get_dbm_str(lmt, hal_spec->txgi_max, hal_spec->txgi_pdbm, strlen(ent->name), tmp_str, TMP_STR_LEN);
      |                                                         ^~~~~~~~~~~~~~~~~~~~~~~~~~~~~~~~~~~~~~~~~~~~~~~~~~~~~~~~~~~~~~~~~~~~~~~~~~~~~~~~~~~~~~~~~~~~~~~~~~~~~~~~~~~~
././include/hal_data.h:345:14: note: source object ‘name’ of size 0
  345 |         char name[0];
      |              ^~~~
core/rtw_rf.c: In function ‘rtw_txpwr_lmt_add_with_nlen’:
core/rtw_rf.c:2177:21: warning: ‘strlen’ reading 1 or more bytes from a region of size 0 [-Wstringop-overread]
 2177 |                 if (strlen(ent->name) == nlen
      |                     ^~~~~~~~~~~~~~~~~
././include/hal_data.h:345:14: note: source object ‘name’ of size 0
  345 |         char name[0];
      |              ^~~~
core/rtw_rf.c: In function ‘_rtw_txpwr_lmt_get_by_name’:
core/rtw_rf.c:2265:21: warning: ‘strcmp’ reading 1 or more bytes from a region of size 0 [-Wstringop-overread]
 2265 |                 if (strcmp(ent->name, lmt_name) == 0) {
      |                     ^~~~~~~~~~~~~~~~~~~~~~~~~~~
././include/hal_data.h:345:14: note: source object ‘name’ of size 0
  345 |         char name[0];
      |              ^~~~
core/rtw_rf.c: In function ‘rtw_txpwr_lmt_list_free’:
core/rtw_rf.c:2304:70: warning: ‘strlen’ reading 1 or more bytes from a region of size 0 [-Wstringop-overread]
 2304 |                 rtw_vmfree((u8 *)ent, sizeof(struct txpwr_lmt_ent) + strlen(ent->name) + 1);
      |                                                                      ^~~~~~~~~~~~~~~~~
././include/osdep_service.h:193:65: note: in definition of macro ‘rtw_vmfree’
  193 | #define rtw_vmfree(pbuf, sz)            dbg_rtw_vmfree((pbuf), (sz), MSTAT_TYPE_VIR, __FUNCTION__, __LINE__)
      |                                                                 ^~
././include/hal_data.h:345:14: note: source object ‘name’ of size 0
  345 |         char name[0];
      |              ^~~~
  CC [M]  core/wds/rtw_wds.o
core/rtw_sta_mgt.c:19:6: warning: no previous prototype for ‘test_st_match_rule’ [-Wmissing-prototypes]
   19 | bool test_st_match_rule(_adapter *adapter, u8 *local_naddr, u8 *local_port, u8 *remote_naddr, u8 *remote_port)
      |      ^~~~~~~~~~~~~~~~~~
core/rtw_sta_mgt.c: In function ‘rtw_mfree_stainfo’:
core/rtw_sta_mgt.c:393:25: warning: the comparison will always evaluate as ‘true’ for the address of ‘lock’ will never be NULL [-Waddress]
  393 |         if (&psta->lock != NULL)
      |                         ^~
In file included from ././include/drv_types.h:112,
                 from core/rtw_sta_mgt.c:17:
././include/sta_info.h:269:17: note: ‘lock’ declared here
  269 |         _lock   lock;
      |                 ^~~~
core/rtw_sta_mgt.c: At top level:
core/rtw_sta_mgt.c:1115:4: warning: no previous prototype for ‘_rtw_access_ctrl’ [-Wmissing-prototypes]
 1115 | u8 _rtw_access_ctrl(_adapter *adapter, u8 period, const u8 *mac_addr)
      |    ^~~~~~~~~~~~~~~~
  CC [M]  core/mesh/rtw_mesh.o
  CC [M]  core/mesh/rtw_mesh_pathtbl.o
  CC [M]  core/mesh/rtw_mesh_hwmp.o
  CC [M]  core/rtw_xmit.o
  CC [M]  core/rtw_p2p.o
core/rtw_ap.c:987:6: warning: no previous prototype for ‘rtw_init_bmc_sta_tx_rate’ [-Wmissing-prototypes]
  987 | void rtw_init_bmc_sta_tx_rate(_adapter *padapter, struct sta_info *psta)
      |      ^~~~~~~~~~~~~~~~~~~~~~~~
core/rtw_ap.c:2915:4: warning: no previous prototype for ‘rtw_ap_bmc_frames_hdl’ [-Wmissing-prototypes]
 2915 | u8 rtw_ap_bmc_frames_hdl(_adapter *padapter)
      |    ^~~~~~~~~~~~~~~~~~~~~
core/rtw_ap.c: In function ‘rtw_ap_rx_msdu_act_check’:
core/rtw_ap.c:6147:9: warning: suggest braces around empty body in an ‘else’ statement [-Wempty-body]
 6147 |         ;
      |         ^
  CC [M]  core/rtw_rson.o
core/rtw_p2p.c:21:5: warning: no previous prototype for ‘rtw_p2p_is_channel_list_ok’ [-Wmissing-prototypes]
   21 | int rtw_p2p_is_channel_list_ok(u8 desired_ch, u8 *ch_list, u8 ch_cnt)
      |     ^~~~~~~~~~~~~~~~~~~~~~~~~~
core/rtw_p2p.c:34:5: warning: no previous prototype for ‘is_any_client_associated’ [-Wmissing-prototypes]
   34 | int is_any_client_associated(_adapter *padapter)
      |     ^~~~~~~~~~~~~~~~~~~~~~~~
core/rtw_p2p.c:2494:4: warning: no previous prototype for ‘rtw_p2p_get_peer_ch_list’ [-Wmissing-prototypes]
 2494 | u8 rtw_p2p_get_peer_ch_list(struct wifidirect_info *pwdinfo, u8 *ch_content, u8 ch_cnt, u8 *peer_ch_list)
      |    ^~~~~~~~~~~~~~~~~~~~~~~~
core/rtw_p2p.c:2516:4: warning: no previous prototype for ‘rtw_p2p_ch_inclusion’ [-Wmissing-prototypes]
 2516 | u8 rtw_p2p_ch_inclusion(_adapter *adapter, u8 *peer_ch_list, u8 peer_ch_num, u8 *ch_list_inclusioned)
      |    ^~~~~~~~~~~~~~~~~~~~
core/rtw_p2p.c:3021:6: warning: no previous prototype for ‘find_phase_handler’ [-Wmissing-prototypes]
 3021 | void find_phase_handler(_adapter        *padapter)
      |      ^~~~~~~~~~~~~~~~~~
core/rtw_p2p.c:3044:6: warning: no previous prototype for ‘restore_p2p_state_handler’ [-Wmissing-prototypes]
 3044 | void restore_p2p_state_handler(_adapter *padapter)
      |      ^~~~~~~~~~~~~~~~~~~~~~~~~
core/rtw_p2p.c:3077:6: warning: no previous prototype for ‘pre_tx_invitereq_handler’ [-Wmissing-prototypes]
 3077 | void pre_tx_invitereq_handler(_adapter  *padapter)
      |      ^~~~~~~~~~~~~~~~~~~~~~~~
core/rtw_p2p.c:3089:6: warning: no previous prototype for ‘pre_tx_provdisc_handler’ [-Wmissing-prototypes]
 3089 | void pre_tx_provdisc_handler(_adapter   *padapter)
      |      ^~~~~~~~~~~~~~~~~~~~~~~
core/rtw_p2p.c:3101:6: warning: no previous prototype for ‘pre_tx_negoreq_handler’ [-Wmissing-prototypes]
 3101 | void pre_tx_negoreq_handler(_adapter    *padapter)
      |      ^~~~~~~~~~~~~~~~~~~~~~
core/rtw_p2p.c:3350:5: warning: no previous prototype for ‘rtw_xframe_build_wfd_ie’ [-Wmissing-prototypes]
 3350 | u32 rtw_xframe_build_wfd_ie(struct xmit_frame *xframe)
      |     ^~~~~~~~~~~~~~~~~~~~~~~
core/rtw_p2p.c:3428:6: warning: no previous prototype for ‘rtw_xframe_del_wfd_ie’ [-Wmissing-prototypes]
 3428 | bool rtw_xframe_del_wfd_ie(struct xmit_frame *xframe)
      |      ^~~~~~~~~~~~~~~~~~~~~
core/rtw_p2p.c:3500:5: warning: no previous prototype for ‘dump_p2p_attr_ch_list’ [-Wmissing-prototypes]
 3500 | u8 *dump_p2p_attr_ch_list(u8 *p2p_ie, uint p2p_ielen, u8 *buf, u32 buf_len)
      |     ^~~~~~~~~~~~~~~~~~~~~
core/rtw_p2p.c:3552:6: warning: no previous prototype for ‘rtw_p2p_nego_intent_compare’ [-Wmissing-prototypes]
 3552 | bool rtw_p2p_nego_intent_compare(u8 req, u8 resp)
      |      ^~~~~~~~~~~~~~~~~~~~~~~~~~~
core/rtw_xmit.c:63:6: warning: no previous prototype for ‘rtw_free_xmit_block’ [-Wmissing-prototypes]
   63 | void rtw_free_xmit_block(_adapter *padapter)
      |      ^~~~~~~~~~~~~~~~~~~
core/rtw_xmit.c:473:6: warning: no previous prototype for ‘rtw_get_adapter_tx_rate_bmp_by_bw’ [-Wmissing-prototypes]
  473 | void rtw_get_adapter_tx_rate_bmp_by_bw(_adapter *adapter, u8 bw, u16 *r_bmp_cck_ofdm, u32 *r_bmp_ht, u64 *r_bmp_vht)
      |      ^~~~~~~~~~~~~~~~~~~~~~~~~~~~~~~~~
core/rtw_xmit.c:517:6: warning: no previous prototype for ‘rtw_get_shared_macid_tx_rate_bmp_by_bw’ [-Wmissing-prototypes]
  517 | void rtw_get_shared_macid_tx_rate_bmp_by_bw(struct dvobj_priv *dvobj, u8 bw, u16 *r_bmp_cck_ofdm, u32 *r_bmp_ht, u64 *r_bmp_vht)
      |      ^~~~~~~~~~~~~~~~~~~~~~~~~~~~~~~~~~~~~~
core/rtw_xmit.c:552:6: warning: no previous prototype for ‘rtw_get_adapter_tx_rate_bmp’ [-Wmissing-prototypes]
  552 | void rtw_get_adapter_tx_rate_bmp(_adapter *adapter, u16 r_bmp_cck_ofdm[], u32 r_bmp_ht[], u64 r_bmp_vht[])
      |      ^~~~~~~~~~~~~~~~~~~~~~~~~~~
core/rtw_xmit.c: In function ‘update_attrib’:
core/rtw_xmit.c:1701:74: warning: suggest braces around empty body in an ‘else’ statement [-Wempty-body]
 1701 |                 DBG_COUNTER(padapter->tx_logs.core_tx_upd_attrib_unknown);
      |                                                                          ^
core/rtw_xmit.c: At top level:
core/rtw_xmit.c:3881:6: warning: no previous prototype for ‘rtw_init_xmitframe’ [-Wmissing-prototypes]
 3881 | void rtw_init_xmitframe(struct xmit_frame *pxframe)
      |      ^~~~~~~~~~~~~~~~~~
core/rtw_xmit.c:4248:20: warning: no previous prototype for ‘rtw_get_xframe’ [-Wmissing-prototypes]
 4248 | struct xmit_frame *rtw_get_xframe(struct xmit_priv *pxmitpriv, int *num_frame)
      |                    ^~~~~~~~~~~~~~
core/rtw_xmit.c:4611:5: warning: no previous prototype for ‘rtw_br_client_tx’ [-Wmissing-prototypes]
 4611 | int rtw_br_client_tx(_adapter *padapter, struct sk_buff **pskb)
      |     ^~~~~~~~~~~~~~~~
core/rtw_xmit.c:6638:6: warning: no previous prototype for ‘rtw_sctx_chk_waring_status’ [-Wmissing-prototypes]
 6638 | bool rtw_sctx_chk_waring_status(int status)
      |      ^~~~~~~~~~~~~~~~~~~~~~~~~~
  CC [M]  core/rtw_tdls.o
  CC [M]  core/rtw_br_ext.o
  CC [M]  core/rtw_iol.o
  CC [M]  core/rtw_sreset.o
core/rtw_br_ext.c:20:18: fatal error: net/ipx.h: 没有那个文件或目录
   20 |         #include <net/ipx.h>
      |                  ^~~~~~~~~~~
compilation terminated.
make[3]: *** [/tmp/gmac_patch_build_20260618_143722/src/scripts/Makefile.build:287：core/rtw_br_ext.o] 错误 1
make[3]: *** 正在等待未完成的任务....
core/rtw_sreset.c:104:6: warning: no previous prototype for ‘sreset_restore_security_station’ [-Wmissing-prototypes]
  104 | void sreset_restore_security_station(_adapter *padapter)
      |      ^~~~~~~~~~~~~~~~~~~~~~~~~~~~~~~
core/rtw_sreset.c:140:6: warning: no previous prototype for ‘sreset_restore_network_station’ [-Wmissing-prototypes]
  140 | void sreset_restore_network_station(_adapter *padapter)
      |      ^~~~~~~~~~~~~~~~~~~~~~~~~~~~~~
core/rtw_sreset.c:200:6: warning: no previous prototype for ‘sreset_restore_network_status’ [-Wmissing-prototypes]
  200 | void sreset_restore_network_status(_adapter *padapter)
      |      ^~~~~~~~~~~~~~~~~~~~~~~~~~~~~
make[2]: *** [/tmp/gmac_patch_build_20260618_143722/src/Makefile:2026：.] 错误 2
make[1]: *** [/tmp/gmac_patch_build_20260618_143722/src/Makefile:248：__sub-make] 错误 2
make[1]: 离开目录“/tmp/rtl8821cs_build_20260620_102054”
make: *** [/tmp/gmac_patch_build_20260618_143722/src/Makefile:248：__sub-make] 错误 2
make: 离开目录“/tmp/gmac_patch_build_20260618_143722/out_full”
=== build rc=2 2026年 06月 20日 星期六 10:32:28 CST ===
